installHook.js:1 ⚠️ React Router Future Flag Warning: React Router will begin wrapping state updates in `React.startTransition` in v7. You can use the `v7_startTransition` future flag to opt-in early. For more information, see https://reactrouter.com/v6/upgrading/future#v7_starttransition. Error Component Stack
    at BrowserRouter (index.tsx:789:1)
overrideMethod @ installHook.js:1
warnOnce @ deprecations.ts:9
logDeprecation @ deprecations.ts:13
logV6DeprecationWarnings @ deprecations.ts:26
(anonymous) @ index.tsx:816
commitHookEffectListMount @ react-dom.development.js:23189
commitPassiveMountOnFiber @ react-dom.development.js:24965
commitPassiveMountEffects_complete @ react-dom.development.js:24930
commitPassiveMountEffects_begin @ react-dom.development.js:24917
commitPassiveMountEffects @ react-dom.development.js:24905
flushPassiveEffectsImpl @ react-dom.development.js:27078
flushPassiveEffects @ react-dom.development.js:27023
(anonymous) @ react-dom.development.js:26808
workLoop @ scheduler.development.js:266
flushWork @ scheduler.development.js:239
performWorkUntilDeadline @ scheduler.development.js:533
installHook.js:1 ⚠️ React Router Future Flag Warning: Relative route resolution within Splat routes is changing in v7. You can use the `v7_relativeSplatPath` future flag to opt-in early. For more information, see https://reactrouter.com/v6/upgrading/future#v7_relativesplatpath. Error Component Stack
    at BrowserRouter (index.tsx:789:1)
overrideMethod @ installHook.js:1
warnOnce @ deprecations.ts:9
logDeprecation @ deprecations.ts:13
logV6DeprecationWarnings @ deprecations.ts:37
(anonymous) @ index.tsx:816
commitHookEffectListMount @ react-dom.development.js:23189
commitPassiveMountOnFiber @ react-dom.development.js:24965
commitPassiveMountEffects_complete @ react-dom.development.js:24930
commitPassiveMountEffects_begin @ react-dom.development.js:24917
commitPassiveMountEffects @ react-dom.development.js:24905
flushPassiveEffectsImpl @ react-dom.development.js:27078
flushPassiveEffects @ react-dom.development.js:27023
(anonymous) @ react-dom.development.js:26808
workLoop @ scheduler.development.js:266
flushWork @ scheduler.development.js:239
performWorkUntilDeadline @ scheduler.development.js:533
content.js:5215 Uncaught (in promise) {name: 'i', httpError: false, httpStatus: 200, httpStatusText: '', code: 403, …}
init @ content.js:5215
await in init
init @ content.js:5179
init @ content.js:5185
initFirstLevelControllers @ content.js:5231
await in initFirstLevelControllers
init @ content.js:5770
(anonymous) @ content.js:5770
Promise.then
PBt @ content.js:5770
(anonymous) @ content.js:5770
(anonymous) @ content.js:5770
checkout:1 Uncaught (in promise) {name: 'i', httpError: false, httpStatus: 200, httpStatusText: '', code: 403, …}
checkout:1 Uncaught (in promise) {name: 'i', httpError: false, httpStatus: 200, httpStatusText: '', code: 403, …}
